Arguments: 
  /usr/bin/node /usr/local/bin/yarn install

PATH: 
  /usr/lib64/qt-3.3/bin:/usr/local/bin:/usr/local/sbin:/usr/bin:/usr/sbin:/var/lib/snapd/snap/bin:/home/sree/bin

Yarn version: 
  1.22.10

Node version: 
  14.17.0

Platform: 
  linux x64

Trace: 
  SyntaxError: /home/sree/work/ract/react-exercises-main/exercise-3/package.json: Unexpected string in JSON at position 152
      at JSON.parse (<anonymous>)
      at /usr/local/lib/node_modules/yarn/lib/cli.js:1625:59
      at Generator.next (<anonymous>)
      at step (/usr/local/lib/node_modules/yarn/lib/cli.js:310:30)
      at /usr/local/lib/node_modules/yarn/lib/cli.js:321:13

npm manifest: 
  {
    "name": "exercise3",
    "description": "A react app which shows list of countries using GraphQL.",
    "version": "0.0.1",
    "license": "UNLICENSED"
    "dependencies": {
      "mobx": "^6.3.2",
      "mobx-react-lite": "^3.2.0",
      "react": "^17.0.2",
      "react-dom": "^17.0.2"
    },
    "devDependencies": {
      "@testing-library/jest-dom": "^5.12.0",
      "@testing-library/react": "^11.2.7",
      "@types/jest": "^26.0.23",
      "@types/node": "^15.3.0",
      "@types/react": "^17.0.6",
      "@types/react-dom": "^17.0.5",
      "@types/react-test-renderer": "^17.0.1",
      "@types/testing-library__jest-dom": "^5.9.5",
      "@types/testing-library__react": "^10.2.0",
      "@types/webpack": "^5.28.0",
      "@types/webpack-dev-server": "^3.11.4",
      "css-loader": "^5.2.4",
      "file-loader": "^6.2.0",
      "html-webpack-plugin": "^5.3.1",
      "identity-obj-proxy": "^3.0.0",
      "jest": "^26.6.3",
      "mini-css-extract-plugin": "^1.6.0",
      "react-test-renderer": "^17.0.2",
      "ts-jest": "^26.5.6",
      "ts-loader": "^9.2.1",
      "ts-node": "^9.1.1",
      "typescript": "^4.2.4",
      "url-loader": "^4.1.1",
      "webpack": "^5.37.1",
      "webpack-cli": "^4.7.0",
      "webpack-dev-server": "^3.11.2"
    },
    "scripts": {
      "start": "webpack serve --mode development",
      "build": "webpack --mode production",
      "test": "jest --watch"
    }
  }
  }

yarn manifest: 
  No manifest

Lockfile: 
  No lockfile
